<?xml version="1.0" encoding="UTF-8"?>
<!-- Generated by org.testng.reporters.JUnitReportReporter -->
<testsuite hostname="LAPTOP-23CQP399" failures="0" tests="1" name="com.App.Learn_Test" time="115.117" errors="0" timestamp="2022-04-08T15:10:53 IST" skipped="0">
  <testcase classname="com.App.Learn_Test" name="loginTest001" time="115.117"/>
  <system-out/>
</testsuite> <!-- com.App.Learn_Test -->
